==============start work==================
2021-01-23 13:59:42 : Remote  Dataset# Log : jq auth login
===================end work================
==============start work==================
2021-01-23 14:00:25 : Remote  Dataset# Log : jq auth login
2021-01-23 14:00:26 : Remote  Dataset# Log : Get all stock list from date 2021-01-01
2021-01-23 14:00:26 : Remote  Dataset# Log : Get all stock list from date 2021-01-01
===================end work================
==============start work==================
===================end work================
==============start work==================
2021-01-23 14:03:31 : Remote  Dataset# Log : jq auth login
2021-01-23 14:03:31 : Remote  Dataset# Log : Get all stock list from date 2021-01-01
2021-01-23 14:03:31 : Remote  Dataset# Log : Get all stock {} weight from date 000001
2021-01-23 14:03:31 : Remote  Dataset# Log : Get stock 600435.XSHG info 
===================end work================
==============start work==================
2021-01-23 14:05:12 : Remote  Dataset# Log : jq auth login
2021-01-23 14:05:14 : Remote  Dataset# Log : Get all stock list from date 2021-01-01
2021-01-23 14:05:14 : Remote  Dataset# Log : Get all stock {} weight from date 000001
2021-01-23 14:05:14 : Remote  Dataset# Log : Get stock 600435.XSHG info 
===================end work================
==============start work==================
2021-01-23 14:07:19 : Remote  Dataset# Log : jq auth login
2021-01-23 14:07:19 : Remote  Dataset# Log : Get all stock list from date 2021-01-01
2021-01-23 14:07:19 : Remote  Dataset# Log : Get all stock {} weight from date 000001.XSHE
2021-01-23 14:07:19 : Remote  Dataset# Log : Get stock 600435.XSHG info 
2021-01-23 14:07:19 : Remote  Dataset# Log : Get market info from 2021-01-01   order desc
2021-01-23 14:07:19 : Remote  Dataset# to date 2021-01-23
===================end work================
==============start work==================
2021-01-23 14:11:12 : Remote  Dataset# Log : jq auth login
2021-01-23 14:11:12 : Remote  Dataset# Log : Get all stock list from date 2021-01-01
2021-01-23 14:11:12 : Remote  Dataset# Log : Get all stock 000001.XSHG weight from date 2018-05-03
2021-01-23 14:11:12 : Remote  Dataset# Log : Get stock 600435.XSHG info 
2021-01-23 14:11:13 : Remote  Dataset# Log : Get market info from 2021-01-01   order desc
2021-01-23 14:11:13 : Remote  Dataset# to date 2021-01-23
===================end work================
